                                 Started job on |	Jul 21 17:40:22
                             Started mapping on |	Jul 21 17:40:37
                                    Finished on |	Jul 21 17:54:09
       Mapping speed, Million of reads per hour |	202.97

                          Number of input reads |	45781565
                      Average input read length |	298
                                    UNIQUE READS:
                   Uniquely mapped reads number |	42501054
                        Uniquely mapped reads % |	92.83%
                          Average mapped length |	296.18
                       Number of splices: Total |	53490507
            Number of splices: Annotated (sjdb) |	52470394
                       Number of splices: GT/AG |	52946813
                       Number of splices: GC/AG |	379157
                       Number of splices: AT/AC |	27849
               Number of splices: Non-canonical |	136688
                      Mismatch rate per base, % |	0.63%
                         Deletion rate per base |	0.05%
                        Deletion average length |	2.56
                        Insertion rate per base |	0.04%
                       Insertion average length |	2.19
                             MULTI-MAPPING READS:
        Number of reads mapped to multiple loci |	1522171
             % of reads mapped to multiple loci |	3.32%
        Number of reads mapped to too many loci |	34343
             % of reads mapped to too many loci |	0.08%
                                  UNMAPPED READS:
       % of reads unmapped: too many mismatches |	0.00%
                 % of reads unmapped: too short |	3.56%
                     % of reads unmapped: other |	0.20%
                                  CHIMERIC READS:
                       Number of chimeric reads |	0
                            % of chimeric reads |	0.00%
