           Time    Speed        Read     Read   Mapped   Mapped   Mapped   Mapped Unmapped Unmapped Unmapped Unmapped
                    M/hr      number   length   unique   length   MMrate    multi   multi+       MM    short    other
Mar 04 20:38:45     29.3      512952      298    93.0%    296.4     0.6%     3.3%     0.1%     0.0%     3.4%     0.2%
Mar 04 20:39:50     38.4     1366247      298    92.9%    296.4     0.6%     3.3%     0.1%     0.0%     3.5%     0.2%
Mar 04 20:40:55     51.0     2731793      298    92.9%    296.4     0.6%     3.3%     0.1%     0.0%     3.4%     0.2%
Mar 04 20:42:06     50.0     3670133      298    92.9%    296.4     0.6%     3.3%     0.1%     0.0%     3.5%     0.2%
Mar 04 20:43:16     52.4     4864149      298    92.9%    296.3     0.6%     3.3%     0.1%     0.0%     3.5%     0.2%
Mar 04 20:44:22     55.3     6143150      298    92.9%    296.4     0.6%     3.3%     0.1%     0.0%     3.5%     0.2%
Mar 04 20:45:24     57.2     7337129      298    92.9%    296.4     0.6%     3.3%     0.1%     0.0%     3.5%     0.2%
Mar 04 20:46:25     55.8     8104689      298    92.9%    296.3     0.6%     3.3%     0.1%     0.0%     3.5%     0.2%
Mar 04 20:47:26     56.8     9213330      298    92.8%    296.3     0.6%     3.3%     0.1%     0.0%     3.6%     0.2%
Mar 04 20:48:29     55.1     9895305      298    92.8%    296.3     0.6%     3.3%     0.1%     0.0%     3.6%     0.2%
Mar 04 20:49:41     55.9    11171343      298    92.8%    296.3     0.6%     3.3%     0.1%     0.0%     3.6%     0.2%
Mar 04 20:50:58     56.7    12532121      298    92.8%    296.3     0.6%     3.3%     0.1%     0.0%     3.6%     0.2%
Mar 04 20:52:06     57.2    13722525      298    92.8%    296.3     0.6%     3.3%     0.1%     0.0%     3.6%     0.2%
Mar 04 20:53:06     57.8    14828036      298    92.8%    296.3     0.6%     3.3%     0.1%     0.0%     3.6%     0.2%
Mar 04 20:54:09     57.5    15763755      298    92.8%    296.3     0.6%     3.3%     0.1%     0.0%     3.6%     0.2%
Mar 04 20:55:10     58.2    16954460      298    92.8%    296.3     0.6%     3.3%     0.1%     0.0%     3.6%     0.2%
Mar 04 20:56:14     58.5    18060004      298    92.8%    296.3     0.6%     3.3%     0.1%     0.0%     3.6%     0.2%
Mar 04 20:57:18     58.4    19080518      298    92.8%    296.3     0.6%     3.3%     0.1%     0.0%     3.6%     0.2%
Mar 04 20:58:27     58.6    20271321      298    92.8%    296.3     0.6%     3.3%     0.1%     0.0%     3.6%     0.2%
Mar 04 20:59:27     58.5    21206651      298    92.8%    296.3     0.6%     3.3%     0.1%     0.0%     3.6%     0.2%
Mar 04 21:00:41     58.5    22397439      298    92.8%    296.3     0.6%     3.3%     0.1%     0.0%     3.6%     0.2%
Mar 04 21:01:52     58.4    23503296      298    92.8%    296.3     0.6%     3.3%     0.1%     0.0%     3.6%     0.2%
Mar 04 21:02:57     58.7    24693894      298    92.8%    296.3     0.6%     3.3%     0.1%     0.0%     3.6%     0.2%
Mar 04 21:04:05     58.9    25884649      298    92.8%    296.3     0.6%     3.3%     0.1%     0.0%     3.6%     0.2%
Mar 04 21:05:20     59.0    27160273      298    92.8%    296.3     0.6%     3.3%     0.1%     0.0%     3.6%     0.2%
Mar 04 21:06:27     59.5    28521039      298    92.8%    296.3     0.6%     3.3%     0.1%     0.0%     3.6%     0.2%
Mar 04 21:07:29     59.7    29626718      298    92.9%    296.3     0.6%     3.3%     0.1%     0.0%     3.5%     0.2%
Mar 04 21:08:48     59.5    30817276      298    92.9%    296.3     0.6%     3.3%     0.1%     0.0%     3.5%     0.2%
Mar 04 21:09:49     59.5    31837810      298    92.9%    296.3     0.6%     3.3%     0.1%     0.0%     3.5%     0.2%
Mar 04 21:10:51     59.9    33113546      298    92.9%    296.3     0.6%     3.3%     0.1%     0.0%     3.5%     0.2%
Mar 04 21:11:53     60.1    34219308      298    92.9%    296.3     0.6%     3.3%     0.1%     0.0%     3.5%     0.2%
Mar 04 21:12:53     59.8    35070027      298    92.8%    296.3     0.6%     3.3%     0.1%     0.0%     3.5%     0.2%
Mar 04 21:13:53     59.8    36090461      298    92.9%    296.3     0.6%     3.3%     0.1%     0.0%     3.5%     0.2%
Mar 04 21:15:01     59.9    37281282      298    92.9%    296.3     0.6%     3.3%     0.1%     0.0%     3.5%     0.2%
Mar 04 21:16:06     60.1    38471900      298    92.9%    296.3     0.6%     3.3%     0.1%     0.0%     3.5%     0.2%
Mar 04 21:17:08     60.3    39662533      298    92.9%    296.3     0.6%     3.3%     0.1%     0.0%     3.5%     0.2%
Mar 04 21:18:13     60.2    40683203      298    92.9%    296.3     0.6%     3.3%     0.1%     0.0%     3.5%     0.2%
Mar 04 21:19:14     60.1    41618572      298    92.9%    296.3     0.6%     3.3%     0.1%     0.0%     3.5%     0.2%
Mar 04 21:20:16     60.2    42724380      298    92.9%    296.2     0.6%     3.3%     0.1%     0.0%     3.5%     0.2%
Mar 04 21:21:17     60.2    43744942      298    92.8%    296.2     0.6%     3.3%     0.1%     0.0%     3.6%     0.2%
Mar 04 21:22:17     60.2    44765762      298    92.8%    296.2     0.6%     3.3%     0.1%     0.0%     3.6%     0.2%
Mar 04 21:23:34     59.9    45781565      298    92.8%    296.2     0.6%     3.3%     0.1%     0.0%     3.6%     0.2%
Mar 04 21:25:26     57.5    45781565      298    92.8%    296.2     0.6%     3.3%     0.1%     0.0%     3.6%     0.2%
ALL DONE!
