           Time    Speed        Read     Read   Mapped   Mapped   Mapped   Mapped Unmapped Unmapped Unmapped Unmapped
                    M/hr      number   length   unique   length   MMrate    multi   multi+       MM    short    other
Jul 21 01:48:25    123.2     2053187      298    93.3%    295.7     0.6%     3.3%     0.1%     0.0%     3.2%     0.2%
Jul 21 01:49:26    157.7     5298882      298    93.2%    295.7     0.6%     3.3%     0.1%     0.0%     3.3%     0.2%
Jul 21 01:50:26    161.4     8117263      298    93.2%    295.7     0.6%     3.3%     0.1%     0.0%     3.3%     0.2%
Jul 21 01:51:26    162.0    10848188      298    93.1%    295.7     0.6%     3.3%     0.1%     0.0%     3.4%     0.2%
Jul 21 01:52:26    165.4    13829128      298    93.1%    295.7     0.6%     3.3%     0.1%     0.0%     3.4%     0.2%
Jul 21 01:53:26    167.6    16810443      298    93.1%    295.6     0.6%     3.3%     0.1%     0.0%     3.4%     0.2%
Jul 21 01:54:28    165.5    19450993      298    93.1%    295.6     0.6%     3.3%     0.1%     0.0%     3.4%     0.2%
Jul 21 01:55:28    166.6    22346924      298    93.1%    295.6     0.6%     3.3%     0.1%     0.0%     3.4%     0.2%
Jul 21 01:56:35    168.0    25669130      298    93.1%    295.6     0.6%     3.3%     0.1%     0.0%     3.4%     0.2%
Jul 21 01:57:36    167.8    28480122      298    93.2%    295.6     0.6%     3.3%     0.1%     0.0%     3.3%     0.2%
Jul 21 01:58:37    169.9    31716679      298    93.2%    295.7     0.6%     3.3%     0.1%     0.0%     3.3%     0.2%
Jul 21 01:59:37    170.2    34612716      298    93.2%    295.7     0.6%     3.3%     0.1%     0.0%     3.3%     0.2%
Jul 21 02:00:37    170.1    37423988      298    93.2%    295.6     0.6%     3.3%     0.1%     0.0%     3.3%     0.2%
Jul 21 02:01:39    170.3    40405501      298    93.2%    295.6     0.6%     3.3%     0.1%     0.0%     3.3%     0.2%
Jul 21 02:02:40    171.4    43557165      298    93.2%    295.6     0.6%     3.3%     0.1%     0.0%     3.3%     0.2%
Jul 21 02:03:40    171.5    46453487      298    93.1%    295.5     0.6%     3.3%     0.1%     0.0%     3.4%     0.2%
Jul 21 02:04:50    164.3    47697381      298    93.1%    295.5     0.7%     3.3%     0.1%     0.0%     3.4%     0.2%
Jul 21 02:06:45    148.0    47697381      298    93.1%    295.5     0.7%     3.3%     0.1%     0.0%     3.4%     0.2%
ALL DONE!
