                                 Started job on |	Jul 21 01:47:04
                             Started mapping on |	Jul 21 01:47:25
                                    Finished on |	Jul 21 02:06:45
       Mapping speed, Million of reads per hour |	148.03

                          Number of input reads |	47697381
                      Average input read length |	298
                                    UNIQUE READS:
                   Uniquely mapped reads number |	44422835
                        Uniquely mapped reads % |	93.13%
                          Average mapped length |	295.53
                       Number of splices: Total |	53398483
            Number of splices: Annotated (sjdb) |	52319039
                       Number of splices: GT/AG |	52830156
                       Number of splices: GC/AG |	385391
                       Number of splices: AT/AC |	31436
               Number of splices: Non-canonical |	151500
                      Mismatch rate per base, % |	0.65%
                         Deletion rate per base |	0.05%
                        Deletion average length |	2.57
                        Insertion rate per base |	0.05%
                       Insertion average length |	2.26
                             MULTI-MAPPING READS:
        Number of reads mapped to multiple loci |	1558722
             % of reads mapped to multiple loci |	3.27%
        Number of reads mapped to too many loci |	34316
             % of reads mapped to too many loci |	0.07%
                                  UNMAPPED READS:
       % of reads unmapped: too many mismatches |	0.00%
                 % of reads unmapped: too short |	3.36%
                     % of reads unmapped: other |	0.16%
                                  CHIMERIC READS:
                       Number of chimeric reads |	0
                            % of chimeric reads |	0.00%
