                                 Started job on |	Jul 21 18:07:57
                             Started mapping on |	Jul 21 18:08:11
                                    Finished on |	Jul 21 18:21:37
       Mapping speed, Million of reads per hour |	215.17

                          Number of input reads |	48173322
                      Average input read length |	298
                                    UNIQUE READS:
                   Uniquely mapped reads number |	44864791
                        Uniquely mapped reads % |	93.13%
                          Average mapped length |	295.98
                       Number of splices: Total |	54429060
            Number of splices: Annotated (sjdb) |	53390465
                       Number of splices: GT/AG |	53893607
                       Number of splices: GC/AG |	366814
                       Number of splices: AT/AC |	29457
               Number of splices: Non-canonical |	139182
                      Mismatch rate per base, % |	0.63%
                         Deletion rate per base |	0.05%
                        Deletion average length |	2.62
                        Insertion rate per base |	0.04%
                       Insertion average length |	2.19
                             MULTI-MAPPING READS:
        Number of reads mapped to multiple loci |	1545681
             % of reads mapped to multiple loci |	3.21%
        Number of reads mapped to too many loci |	42769
             % of reads mapped to too many loci |	0.09%
                                  UNMAPPED READS:
       % of reads unmapped: too many mismatches |	0.00%
                 % of reads unmapped: too short |	3.43%
                     % of reads unmapped: other |	0.14%
                                  CHIMERIC READS:
                       Number of chimeric reads |	0
                            % of chimeric reads |	0.00%
