           Time    Speed        Read     Read   Mapped   Mapped   Mapped   Mapped Unmapped Unmapped Unmapped Unmapped
                    M/hr      number   length   unique   length   MMrate    multi   multi+       MM    short    other
Mar 04 22:15:06     16.4      342352      298    93.5%    296.3     0.6%     3.1%     0.1%     0.0%     3.2%     0.2%
Mar 04 22:16:12     41.5     1624288      298    93.3%    296.2     0.6%     3.2%     0.1%     0.0%     3.2%     0.2%
Mar 04 22:17:29     45.1     2733190      298    93.3%    296.2     0.6%     3.2%     0.1%     0.0%     3.3%     0.2%
Mar 04 22:19:07     46.7     4098351      298    93.2%    296.2     0.6%     3.2%     0.1%     0.0%     3.3%     0.1%
Mar 04 22:20:25     49.1     5378195      298    93.2%    296.2     0.6%     3.2%     0.1%     0.0%     3.4%     0.1%
Mar 04 22:21:38     51.3     6658025      298    93.2%    296.2     0.6%     3.2%     0.1%     0.0%     3.4%     0.1%
Mar 04 22:22:53     52.7     7937761      298    93.2%    296.2     0.6%     3.2%     0.1%     0.0%     3.4%     0.1%
Mar 04 22:23:56     54.3     9132096      298    93.2%    296.1     0.6%     3.2%     0.1%     0.0%     3.4%     0.1%
Mar 04 22:25:07     55.4    10410688      298    93.1%    296.1     0.6%     3.2%     0.1%     0.0%     3.4%     0.1%
Mar 04 22:26:22     56.4    11772011      298    93.1%    296.1     0.6%     3.2%     0.1%     0.0%     3.5%     0.1%
Mar 04 22:27:25     58.1    13133294      298    93.1%    296.1     0.6%     3.2%     0.1%     0.0%     3.4%     0.1%
Mar 04 22:28:27     58.2    14154268      298    93.1%    296.1     0.6%     3.2%     0.1%     0.0%     3.4%     0.1%
Mar 04 22:29:28     57.7    15005033      298    93.1%    296.1     0.6%     3.2%     0.1%     0.0%     3.4%     0.1%
Mar 04 22:30:32     57.9    16111073      298    93.1%    296.1     0.6%     3.2%     0.1%     0.0%     3.4%     0.1%
Mar 04 22:31:32     59.0    17387446      298    93.1%    296.1     0.6%     3.2%     0.1%     0.0%     3.4%     0.1%
Mar 04 22:32:35     59.2    18493450      298    93.1%    296.1     0.6%     3.2%     0.1%     0.0%     3.4%     0.1%
Mar 04 22:33:35     59.6    19599347      298    93.1%    296.1     0.6%     3.2%     0.1%     0.0%     3.4%     0.1%
Mar 04 22:34:36     59.4    20535432      298    93.1%    296.1     0.6%     3.2%     0.1%     0.0%     3.4%     0.1%
Mar 04 22:35:37     59.9    21726514      298    93.1%    296.1     0.6%     3.2%     0.1%     0.0%     3.4%     0.1%
Mar 04 22:36:37     59.5    22577251      298    93.1%    296.1     0.6%     3.2%     0.1%     0.0%     3.4%     0.1%
Mar 04 22:37:41     59.8    23768643      298    93.1%    296.1     0.6%     3.2%     0.1%     0.0%     3.4%     0.1%
Mar 04 22:38:44     59.4    24619477      298    93.1%    296.1     0.6%     3.2%     0.1%     0.0%     3.4%     0.1%
Mar 04 22:39:49     59.4    25725583      298    93.1%    296.1     0.6%     3.2%     0.1%     0.0%     3.4%     0.1%
Mar 04 22:40:52     59.8    26916922      298    93.1%    296.1     0.6%     3.2%     0.1%     0.0%     3.4%     0.1%
Mar 04 22:41:55     59.9    28023008      298    93.1%    296.1     0.6%     3.2%     0.1%     0.0%     3.4%     0.1%
Mar 04 22:42:56     59.4    28788801      298    93.1%    296.1     0.6%     3.2%     0.1%     0.0%     3.4%     0.1%
Mar 04 22:44:00     59.5    29894822      298    93.2%    296.1     0.6%     3.2%     0.1%     0.0%     3.4%     0.1%
Mar 04 22:45:06     59.5    31000811      298    93.2%    296.1     0.6%     3.2%     0.1%     0.0%     3.4%     0.1%
Mar 04 22:46:07     59.7    32106791      298    93.2%    296.1     0.6%     3.2%     0.1%     0.0%     3.4%     0.1%
Mar 04 22:47:23     59.9    33468116      298    93.2%    296.1     0.6%     3.2%     0.1%     0.0%     3.4%     0.1%
Mar 04 22:48:36     60.1    34829330      298    93.2%    296.1     0.6%     3.2%     0.1%     0.0%     3.4%     0.1%
Mar 04 22:49:36     60.6    36105720      298    93.2%    296.1     0.6%     3.2%     0.1%     0.0%     3.4%     0.1%
Mar 04 22:50:36     60.5    37041763      298    93.2%    296.1     0.6%     3.2%     0.1%     0.0%     3.4%     0.1%
Mar 04 22:51:43     60.0    37892701      298    93.2%    296.1     0.6%     3.2%     0.1%     0.0%     3.4%     0.1%
Mar 04 22:52:45     60.4    39168909      298    93.2%    296.1     0.6%     3.2%     0.1%     0.0%     3.4%     0.1%
Mar 04 22:53:50     60.3    40190006      298    93.2%    296.1     0.6%     3.2%     0.1%     0.0%     3.4%     0.1%
Mar 04 22:54:51     60.3    41211206      298    93.2%    296.1     0.6%     3.2%     0.1%     0.0%     3.4%     0.1%
Mar 04 22:55:51     60.0    41976894      298    93.2%    296.1     0.6%     3.2%     0.1%     0.0%     3.4%     0.1%
Mar 04 22:56:57     59.9    42997739      298    93.2%    296.1     0.6%     3.2%     0.1%     0.0%     3.4%     0.1%
Mar 04 22:57:57     60.1    44189076      298    93.2%    296.1     0.6%     3.2%     0.1%     0.0%     3.4%     0.1%
Mar 04 22:58:59     60.1    45210113      298    93.2%    296.0     0.6%     3.2%     0.1%     0.0%     3.4%     0.1%
Mar 04 23:00:03     60.3    46401330      298    93.1%    296.0     0.6%     3.2%     0.1%     0.0%     3.4%     0.1%
Mar 04 23:01:07     60.4    47592878      298    93.1%    296.0     0.6%     3.2%     0.1%     0.0%     3.4%     0.1%
Mar 04 23:03:12     58.6    48173322      298    93.1%    296.0     0.6%     3.2%     0.1%     0.0%     3.4%     0.1%
ALL DONE!
