           Time    Speed        Read     Read   Mapped   Mapped   Mapped   Mapped Unmapped Unmapped Unmapped Unmapped
                    M/hr      number   length   unique   length   MMrate    multi   multi+       MM    short    other
Jul 21 02:28:07     97.8     1629955      297    93.4%    295.1     0.5%     3.1%     0.1%     0.0%     3.3%     0.1%
Jul 21 02:29:07    120.8     4027884      297    93.3%    295.1     0.5%     3.1%     0.1%     0.0%     3.3%     0.1%
Jul 21 02:30:09    132.2     6683054      297    93.4%    295.1     0.5%     3.2%     0.1%     0.0%     3.2%     0.1%
Jul 21 02:31:12    141.0     9595829      297    93.5%    295.1     0.5%     3.2%     0.1%     0.0%     3.1%     0.1%
Jul 21 02:32:12    147.6    12501258      297    93.5%    295.1     0.5%     3.2%     0.1%     0.0%     3.1%     0.2%
Jul 21 02:33:12    151.1    15320331      297    93.5%    295.1     0.5%     3.2%     0.1%     0.0%     3.1%     0.1%
Jul 21 02:34:13    154.7    18310365      297    93.6%    295.0     0.6%     3.2%     0.1%     0.0%     3.0%     0.1%
Jul 21 02:35:15    156.5    21214920      297    93.6%    295.0     0.6%     3.2%     0.1%     0.0%     3.0%     0.1%
Jul 21 02:36:21    156.2    24034420      297    93.6%    295.0     0.6%     3.2%     0.1%     0.0%     3.0%     0.1%
Jul 21 02:37:21    156.9    26767905      297    93.6%    295.0     0.6%     3.2%     0.1%     0.0%     3.0%     0.1%
Jul 21 02:38:27    156.2    29501172      297    93.6%    295.0     0.6%     3.2%     0.1%     0.0%     3.0%     0.1%
Jul 21 02:39:27    159.3    32746837      297    93.6%    295.0     0.6%     3.2%     0.1%     0.0%     3.0%     0.1%
Jul 21 02:40:27    159.7    35480744      297    93.6%    294.9     0.6%     3.2%     0.1%     0.0%     3.0%     0.1%
Jul 21 02:41:29    159.2    38128855      297    93.6%    295.0     0.6%     3.2%     0.1%     0.0%     3.0%     0.1%
Jul 21 02:42:29    159.2    40776613      297    93.6%    295.0     0.6%     3.2%     0.1%     0.0%     3.0%     0.1%
Jul 21 02:43:30    153.5    41907421      297    93.6%    295.0     0.6%     3.2%     0.1%     0.0%     3.0%     0.1%
Jul 21 02:45:23    137.9    41992792      297    93.6%    295.0     0.6%     3.2%     0.1%     0.0%     3.0%     0.1%
ALL DONE!
