                                 Started job on |	Mar 04 23:49:12
                             Started mapping on |	Mar 04 23:49:32
                                    Finished on |	Mar 05 00:39:58
       Mapping speed, Million of reads per hour |	53.50

                          Number of input reads |	44965832
                      Average input read length |	297
                                    UNIQUE READS:
                   Uniquely mapped reads number |	41994901
                        Uniquely mapped reads % |	93.39%
                          Average mapped length |	295.00
                       Number of splices: Total |	53209594
            Number of splices: Annotated (sjdb) |	52024333
                       Number of splices: GT/AG |	52659119
                       Number of splices: GC/AG |	380219
                       Number of splices: AT/AC |	29967
               Number of splices: Non-canonical |	140289
                      Mismatch rate per base, % |	0.58%
                         Deletion rate per base |	0.05%
                        Deletion average length |	2.69
                        Insertion rate per base |	0.04%
                       Insertion average length |	2.20
                             MULTI-MAPPING READS:
        Number of reads mapped to multiple loci |	1538422
             % of reads mapped to multiple loci |	3.42%
        Number of reads mapped to too many loci |	54393
             % of reads mapped to too many loci |	0.12%
                                  UNMAPPED READS:
       % of reads unmapped: too many mismatches |	0.00%
                 % of reads unmapped: too short |	2.88%
                     % of reads unmapped: other |	0.18%
                                  CHIMERIC READS:
                       Number of chimeric reads |	0
                            % of chimeric reads |	0.00%
