           Time    Speed        Read     Read   Mapped   Mapped   Mapped   Mapped Unmapped Unmapped Unmapped Unmapped
                    M/hr      number   length   unique   length   MMrate    multi   multi+       MM    short    other
Mar 04 23:50:48     16.3      343329      297    93.4%    295.1     0.6%     3.5%     0.1%     0.0%     2.8%     0.2%
Mar 04 23:51:49     45.1     1716203      297    93.4%    295.1     0.6%     3.5%     0.1%     0.0%     2.8%     0.2%
Mar 04 23:52:49     50.1     2744143      297    93.4%    295.1     0.6%     3.4%     0.1%     0.0%     2.9%     0.2%
Mar 04 23:53:50     51.4     3686182      297    93.4%    295.1     0.6%     3.4%     0.1%     0.0%     2.9%     0.2%
Mar 04 23:54:55     51.6     4628431      297    93.4%    295.1     0.6%     3.4%     0.1%     0.0%     2.9%     0.2%
Mar 04 23:55:57     53.7     5741873      297    93.4%    295.1     0.6%     3.4%     0.1%     0.0%     2.9%     0.2%
Mar 04 23:56:58     54.0     6684070      297    93.4%    295.1     0.6%     3.4%     0.1%     0.0%     2.8%     0.2%
Mar 04 23:58:01     53.9     7626186      297    93.4%    295.1     0.6%     3.4%     0.1%     0.0%     2.9%     0.2%
Mar 04 23:59:02     53.0     8397075      297    93.4%    295.1     0.6%     3.4%     0.1%     0.0%     2.9%     0.2%
Mar 05 00:00:06     51.6     9082197      297    93.4%    295.1     0.6%     3.4%     0.1%     0.0%     2.9%     0.2%
Mar 05 00:01:08     51.0     9852179      297    93.4%    295.1     0.6%     3.4%     0.1%     0.0%     2.9%     0.2%
Mar 05 00:02:16     51.7    10963489      297    93.4%    295.1     0.6%     3.4%     0.1%     0.0%     2.9%     0.2%
Mar 05 00:03:16     52.4    11988726      297    93.4%    295.1     0.6%     3.4%     0.1%     0.0%     2.9%     0.2%
Mar 05 00:04:18     53.2    13099235      297    93.4%    295.1     0.6%     3.4%     0.1%     0.0%     2.9%     0.2%
Mar 05 00:05:22     53.8    14209751      297    93.4%    295.1     0.6%     3.4%     0.1%     0.0%     2.9%     0.2%
Mar 05 00:06:26     54.1    15234512      297    93.4%    295.1     0.6%     3.4%     0.1%     0.0%     2.9%     0.2%
Mar 05 00:07:31     54.0    16174283      297    93.4%    295.1     0.6%     3.4%     0.1%     0.0%     2.9%     0.2%
Mar 05 00:08:32     53.8    17028118      297    93.4%    295.1     0.6%     3.4%     0.1%     0.0%     2.9%     0.2%
Mar 05 00:09:48     53.7    18138765      297    93.4%    295.1     0.6%     3.4%     0.1%     0.0%     2.9%     0.2%
Mar 05 00:11:02     54.2    19420009      297    93.4%    295.1     0.6%     3.4%     0.1%     0.0%     2.9%     0.2%
Mar 05 00:12:02     55.0    20615738      297    93.4%    295.1     0.6%     3.4%     0.1%     0.0%     2.9%     0.2%
Mar 05 00:13:09     54.8    21555165      297    93.4%    295.1     0.6%     3.4%     0.1%     0.0%     2.9%     0.2%
Mar 05 00:14:14     54.4    22409526      297    93.4%    295.1     0.6%     3.4%     0.1%     0.0%     2.9%     0.2%
Mar 05 00:15:16     54.4    23348958      297    93.4%    295.0     0.6%     3.4%     0.1%     0.0%     2.9%     0.2%
Mar 05 00:16:21     54.7    24459436      297    93.4%    295.0     0.6%     3.4%     0.1%     0.0%     2.9%     0.2%
Mar 05 00:17:25     54.8    25484537      297    93.4%    295.0     0.6%     3.4%     0.1%     0.0%     2.9%     0.2%
Mar 05 00:18:26     54.9    26424040      297    93.4%    295.0     0.6%     3.4%     0.1%     0.0%     2.9%     0.2%
Mar 05 00:19:34     54.3    27192462      297    93.4%    295.0     0.6%     3.4%     0.1%     0.0%     2.9%     0.2%
Mar 05 00:20:35     54.0    27961263      297    93.4%    295.0     0.6%     3.4%     0.1%     0.0%     2.9%     0.2%
Mar 05 00:21:48     54.2    29156806      297    93.4%    295.0     0.6%     3.4%     0.1%     0.0%     2.9%     0.2%
Mar 05 00:23:02     54.5    30437928      297    93.4%    295.1     0.6%     3.4%     0.1%     0.0%     2.9%     0.2%
Mar 05 00:24:06     54.2    31206783      297    93.4%    295.1     0.6%     3.4%     0.1%     0.0%     2.9%     0.2%
Mar 05 00:25:08     54.6    32402110      297    93.4%    295.1     0.6%     3.4%     0.1%     0.0%     2.9%     0.2%
Mar 05 00:26:08     54.4    33170961      297    93.4%    295.1     0.6%     3.4%     0.1%     0.0%     2.9%     0.2%
Mar 05 00:27:10     54.5    34195811      297    93.4%    295.1     0.6%     3.4%     0.1%     0.0%     2.9%     0.2%
Mar 05 00:28:12     54.8    35306339      297    93.4%    295.0     0.6%     3.4%     0.1%     0.0%     2.9%     0.2%
Mar 05 00:29:13     54.8    36245624      297    93.4%    295.0     0.6%     3.4%     0.1%     0.0%     2.9%     0.2%
Mar 05 00:30:17     54.9    37271064      297    93.4%    295.0     0.6%     3.4%     0.1%     0.0%     2.9%     0.2%
Mar 05 00:31:20     54.6    38039793      297    93.4%    295.0     0.6%     3.4%     0.1%     0.0%     2.9%     0.2%
Mar 05 00:32:21     54.6    38979399      297    93.4%    295.0     0.6%     3.4%     0.1%     0.0%     2.9%     0.2%
Mar 05 00:33:39     54.9    40345997      297    93.4%    295.0     0.6%     3.4%     0.1%     0.0%     2.9%     0.2%
Mar 05 00:34:54     55.2    41712311      297    93.4%    295.0     0.6%     3.4%     0.1%     0.0%     2.9%     0.2%
Mar 05 00:35:57     55.5    42908022      297    93.4%    295.0     0.6%     3.4%     0.1%     0.0%     2.9%     0.2%
Mar 05 00:36:57     55.2    43591363      297    93.4%    295.0     0.6%     3.4%     0.1%     0.0%     2.9%     0.2%
Mar 05 00:38:09     55.4    44880441      297    93.4%    295.0     0.6%     3.4%     0.1%     0.0%     2.9%     0.2%
Mar 05 00:39:58     53.5    44965832      297    93.4%    295.0     0.6%     3.4%     0.1%     0.0%     2.9%     0.2%
ALL DONE!
