                                 Started job on |	Mar 05 00:40:05
                             Started mapping on |	Mar 05 00:40:11
                                    Finished on |	Mar 05 01:26:28
       Mapping speed, Million of reads per hour |	56.21

                          Number of input reads |	43361921
                      Average input read length |	297
                                    UNIQUE READS:
                   Uniquely mapped reads number |	40514118
                        Uniquely mapped reads % |	93.43%
                          Average mapped length |	294.85
                       Number of splices: Total |	49248064
            Number of splices: Annotated (sjdb) |	48170377
                       Number of splices: GT/AG |	48753864
                       Number of splices: GC/AG |	332056
                       Number of splices: AT/AC |	28522
               Number of splices: Non-canonical |	133622
                      Mismatch rate per base, % |	0.57%
                         Deletion rate per base |	0.05%
                        Deletion average length |	2.58
                        Insertion rate per base |	0.04%
                       Insertion average length |	2.18
                             MULTI-MAPPING READS:
        Number of reads mapped to multiple loci |	1376920
             % of reads mapped to multiple loci |	3.18%
        Number of reads mapped to too many loci |	58004
             % of reads mapped to too many loci |	0.13%
                                  UNMAPPED READS:
       % of reads unmapped: too many mismatches |	0.00%
                 % of reads unmapped: too short |	3.07%
                     % of reads unmapped: other |	0.18%
                                  CHIMERIC READS:
                       Number of chimeric reads |	0
                            % of chimeric reads |	0.00%
