           Time    Speed        Read     Read   Mapped   Mapped   Mapped   Mapped Unmapped Unmapped Unmapped Unmapped
                    M/hr      number   length   unique   length   MMrate    multi   multi+       MM    short    other
Mar 05 00:41:19     13.7      258069      297    93.4%    294.9     0.6%     3.2%     0.1%     0.0%     3.0%     0.2%
Mar 05 00:42:21     42.8     1545079      297    93.5%    294.9     0.6%     3.2%     0.1%     0.0%     3.0%     0.2%
Mar 05 00:43:27     48.8     2658606      297    93.4%    294.9     0.6%     3.2%     0.1%     0.0%     3.0%     0.2%
Mar 05 00:44:31     51.0     3686371      297    93.4%    294.9     0.6%     3.2%     0.1%     0.0%     3.0%     0.2%
Mar 05 00:45:35     49.5     4457154      297    93.5%    294.9     0.6%     3.2%     0.1%     0.0%     3.0%     0.2%
Mar 05 00:46:45     51.7     5656307      297    93.5%    294.9     0.6%     3.2%     0.1%     0.0%     3.0%     0.2%
Mar 05 00:47:50     54.4     6941175      297    93.5%    294.9     0.6%     3.2%     0.1%     0.0%     3.0%     0.2%
Mar 05 00:48:52     55.1     7968889      297    93.5%    294.9     0.6%     3.2%     0.1%     0.0%     3.0%     0.2%
Mar 05 00:49:55     54.4     8825489      297    93.4%    294.9     0.6%     3.2%     0.1%     0.0%     3.1%     0.2%
Mar 05 00:50:58     54.3     9767526      297    93.4%    294.9     0.6%     3.2%     0.1%     0.0%     3.1%     0.2%
Mar 05 00:52:00     54.4    10707538      297    93.4%    294.9     0.6%     3.2%     0.1%     0.0%     3.1%     0.2%
Mar 05 00:53:06     54.5    11732709      297    93.4%    294.9     0.6%     3.2%     0.1%     0.0%     3.1%     0.2%
Mar 05 00:54:07     54.9    12757676      297    93.4%    294.9     0.6%     3.2%     0.1%     0.0%     3.1%     0.2%
Mar 05 00:55:08     54.6    13611648      297    93.4%    294.9     0.6%     3.2%     0.1%     0.0%     3.1%     0.2%
Mar 05 00:56:09     55.0    14636812      297    93.4%    294.9     0.6%     3.2%     0.1%     0.0%     3.1%     0.2%
Mar 05 00:57:17     54.7    15576369      297    93.4%    294.9     0.6%     3.2%     0.1%     0.0%     3.1%     0.2%
Mar 05 00:58:18     55.3    16686687      297    93.4%    294.9     0.6%     3.2%     0.1%     0.0%     3.1%     0.2%
Mar 05 00:59:18     55.1    17541322      297    93.4%    294.9     0.6%     3.2%     0.1%     0.0%     3.1%     0.2%
Mar 05 01:00:23     55.1    18566286      297    93.4%    294.9     0.6%     3.2%     0.1%     0.0%     3.1%     0.2%
Mar 05 01:01:37     55.3    19762253      297    93.4%    294.9     0.6%     3.2%     0.1%     0.0%     3.1%     0.2%
Mar 05 01:02:54     55.1    20872784      297    93.4%    294.9     0.6%     3.2%     0.1%     0.0%     3.1%     0.2%
Mar 05 01:04:04     55.4    22068702      297    93.4%    294.9     0.6%     3.2%     0.1%     0.0%     3.1%     0.2%
Mar 05 01:05:09     55.7    23179234      297    93.4%    294.9     0.6%     3.2%     0.1%     0.0%     3.1%     0.2%
Mar 05 01:06:13     56.0    24289542      297    93.4%    294.9     0.6%     3.2%     0.1%     0.0%     3.1%     0.2%
Mar 05 01:07:16     55.7    25143695      297    93.4%    294.9     0.6%     3.2%     0.1%     0.0%     3.1%     0.2%
Mar 05 01:08:17     55.5    25997685      297    93.4%    294.9     0.6%     3.2%     0.1%     0.0%     3.1%     0.2%
Mar 05 01:09:20     56.0    27193441      297    93.4%    294.9     0.6%     3.2%     0.1%     0.0%     3.1%     0.2%
Mar 05 01:10:20     56.5    28389042      297    93.4%    294.9     0.6%     3.2%     0.1%     0.0%     3.1%     0.2%
Mar 05 01:11:20     56.3    29243233      297    93.4%    294.9     0.6%     3.2%     0.1%     0.0%     3.1%     0.2%
Mar 05 01:12:29     56.4    30353449      297    93.4%    294.9     0.6%     3.2%     0.1%     0.0%     3.1%     0.2%
Mar 05 01:13:31     56.6    31463778      297    93.4%    294.9     0.6%     3.2%     0.1%     0.0%     3.1%     0.2%
Mar 05 01:14:31     56.6    32403295      297    93.4%    294.9     0.6%     3.2%     0.1%     0.0%     3.1%     0.2%
Mar 05 01:15:32     56.9    33513747      297    93.4%    294.9     0.6%     3.2%     0.1%     0.0%     3.1%     0.2%
Mar 05 01:16:32     57.3    34709737      297    93.4%    294.8     0.6%     3.2%     0.1%     0.0%     3.1%     0.2%
Mar 05 01:17:38     57.0    35563929      297    93.4%    294.8     0.6%     3.2%     0.1%     0.0%     3.1%     0.2%
Mar 05 01:18:38     57.1    36588891      297    93.4%    294.8     0.6%     3.2%     0.1%     0.0%     3.1%     0.2%
Mar 05 01:19:41     57.0    37528439      297    93.4%    294.8     0.6%     3.2%     0.1%     0.0%     3.1%     0.2%
Mar 05 01:20:59     57.2    38895188      297    93.4%    294.8     0.6%     3.2%     0.1%     0.0%     3.1%     0.2%
Mar 05 01:22:00     57.4    40005489      297    93.4%    294.8     0.6%     3.2%     0.1%     0.0%     3.1%     0.2%
Mar 05 01:23:03     57.1    40774271      297    93.4%    294.8     0.6%     3.2%     0.1%     0.0%     3.1%     0.2%
Mar 05 01:24:08     57.4    42055290      297    93.4%    294.9     0.6%     3.2%     0.1%     0.0%     3.1%     0.2%
Mar 05 01:26:28     56.2    43361921      297    93.4%    294.9     0.6%     3.2%     0.1%     0.0%     3.1%     0.2%
ALL DONE!
