           Time    Speed        Read     Read   Mapped   Mapped   Mapped   Mapped Unmapped Unmapped Unmapped Unmapped
                    M/hr      number   length   unique   length   MMrate    multi   multi+       MM    short    other
Mar 05 01:28:08     26.1      514669      297    93.7%    295.3     0.6%     3.1%     0.1%     0.0%     2.9%     0.2%
Mar 05 01:29:10     48.7     1800417      297    93.8%    295.3     0.6%     3.1%     0.1%     0.0%     2.8%     0.2%
Mar 05 01:30:13     55.1     2998372      297    93.8%    295.4     0.6%     3.1%     0.1%     0.0%     2.8%     0.2%
Mar 05 01:31:16     55.9     4025206      297    93.8%    295.4     0.6%     3.1%     0.1%     0.0%     2.8%     0.2%
Mar 05 01:32:20     55.4     4966284      297    93.8%    295.4     0.6%     3.1%     0.1%     0.0%     2.8%     0.2%
Mar 05 01:33:21     54.6     5822049      297    93.8%    295.4     0.6%     3.1%     0.1%     0.0%     2.8%     0.2%
Mar 05 01:34:23     56.0     6934769      297    93.8%    295.4     0.6%     3.1%     0.1%     0.0%     2.8%     0.2%
Mar 05 01:35:24     56.5     7961774      297    93.8%    295.4     0.6%     3.1%     0.1%     0.0%     2.8%     0.2%
Mar 05 01:36:25     56.4     8903121      297    93.8%    295.4     0.6%     3.1%     0.1%     0.0%     2.9%     0.2%
Mar 05 01:37:28     56.7     9929688      297    93.8%    295.4     0.6%     3.1%     0.1%     0.0%     2.9%     0.2%
Mar 05 01:38:38     58.0    11295607      297    93.8%    295.4     0.6%     3.1%     0.1%     0.0%     2.9%     0.2%
Mar 05 01:39:38     58.3    12319701      297    93.8%    295.4     0.6%     3.1%     0.1%     0.0%     2.9%     0.2%
Mar 05 01:40:38     59.3    13514348      297    93.8%    295.4     0.6%     3.1%     0.1%     0.0%     2.9%     0.2%
Mar 05 01:41:44     58.7    14453027      297    93.8%    295.4     0.6%     3.1%     0.1%     0.0%     2.9%     0.2%
Mar 05 01:42:44     59.8    15733194      297    93.8%    295.4     0.6%     3.1%     0.1%     0.0%     2.9%     0.2%
Mar 05 01:43:47     60.6    17013317      297    93.8%    295.4     0.6%     3.1%     0.1%     0.0%     2.9%     0.2%
Mar 05 01:44:49     60.6    18037175      297    93.8%    295.4     0.6%     3.1%     0.1%     0.0%     2.9%     0.2%
Mar 05 01:45:50     60.8    19146778      297    93.8%    295.4     0.6%     3.1%     0.1%     0.0%     2.9%     0.2%
Mar 05 01:46:51     61.1    20256030      297    93.8%    295.4     0.6%     3.1%     0.1%     0.0%     2.9%     0.2%
Mar 05 01:47:53     60.8    21195030      297    93.8%    295.4     0.6%     3.1%     0.1%     0.0%     2.9%     0.2%
Mar 05 01:48:54     60.5    22133938      297    93.7%    295.4     0.6%     3.1%     0.1%     0.0%     2.9%     0.2%
Mar 05 01:49:54     60.8    23243421      297    93.7%    295.3     0.6%     3.1%     0.1%     0.0%     2.9%     0.2%
Mar 05 01:50:57     60.5    24182134      297    93.7%    295.3     0.6%     3.1%     0.1%     0.0%     2.9%     0.2%
Mar 05 01:52:04     60.8    25462322      297    93.8%    295.3     0.6%     3.1%     0.1%     0.0%     2.9%     0.2%
Mar 05 01:53:04     60.8    26486332      297    93.8%    295.3     0.6%     3.1%     0.1%     0.0%     2.9%     0.2%
Mar 05 01:54:07     60.9    27595644      297    93.8%    295.3     0.6%     3.1%     0.1%     0.0%     2.9%     0.2%
Mar 05 01:55:07     60.8    28534254      297    93.8%    295.4     0.6%     3.1%     0.1%     0.0%     2.9%     0.2%
Mar 05 01:56:08     60.6    29472847      297    93.8%    295.4     0.6%     3.1%     0.1%     0.0%     2.8%     0.2%
Mar 05 01:57:09     60.6    30496559      297    93.8%    295.4     0.6%     3.1%     0.1%     0.0%     2.8%     0.2%
Mar 05 01:58:27     60.7    31862021      297    93.8%    295.4     0.6%     3.1%     0.1%     0.0%     2.8%     0.2%
Mar 05 01:59:36     60.6    32971626      297    93.8%    295.3     0.6%     3.1%     0.1%     0.0%     2.9%     0.2%
Mar 05 02:00:46     60.5    34081250      297    93.7%    295.3     0.6%     3.1%     0.1%     0.0%     2.9%     0.2%
Mar 05 02:01:53     60.3    35105308      297    93.7%    295.3     0.6%     3.1%     0.1%     0.0%     2.9%     0.2%
Mar 05 02:02:56     60.4    36214669      297    93.7%    295.3     0.6%     3.1%     0.1%     0.0%     2.9%     0.2%
Mar 05 02:03:56     60.1    37067978      297    93.7%    295.3     0.6%     3.1%     0.1%     0.0%     2.9%     0.2%
Mar 05 02:05:08     59.9    38091990      297    93.7%    295.3     0.6%     3.1%     0.1%     0.0%     2.9%     0.2%
Mar 05 02:06:18     60.0    39372052      297    93.7%    295.3     0.6%     3.1%     0.1%     0.0%     2.9%     0.2%
Mar 05 02:07:18     60.2    40481487      297    93.7%    295.3     0.6%     3.1%     0.1%     0.0%     2.9%     0.2%
Mar 05 02:08:18     59.7    41164199      297    93.7%    295.3     0.6%     3.1%     0.1%     0.0%     2.9%     0.2%
Mar 05 02:09:23     59.4    42017518      297    93.7%    295.3     0.6%     3.1%     0.1%     0.0%     2.9%     0.2%
Mar 05 02:12:00     57.5    43174737      297    93.7%    295.3     0.6%     3.1%     0.1%     0.0%     2.9%     0.2%
ALL DONE!
