                                 Started job on |	Mar 05 01:26:36
                             Started mapping on |	Mar 05 01:26:57
                                    Finished on |	Mar 05 02:12:00
       Mapping speed, Million of reads per hour |	57.50

                          Number of input reads |	43174737
                      Average input read length |	297
                                    UNIQUE READS:
                   Uniquely mapped reads number |	40475297
                        Uniquely mapped reads % |	93.75%
                          Average mapped length |	295.31
                       Number of splices: Total |	51047872
            Number of splices: Annotated (sjdb) |	50123382
                       Number of splices: GT/AG |	50541006
                       Number of splices: GC/AG |	354639
                       Number of splices: AT/AC |	26045
               Number of splices: Non-canonical |	126182
                      Mismatch rate per base, % |	0.58%
                         Deletion rate per base |	0.05%
                        Deletion average length |	2.65
                        Insertion rate per base |	0.04%
                       Insertion average length |	2.23
                             MULTI-MAPPING READS:
        Number of reads mapped to multiple loci |	1349879
             % of reads mapped to multiple loci |	3.13%
        Number of reads mapped to too many loci |	40253
             % of reads mapped to too many loci |	0.09%
                                  UNMAPPED READS:
       % of reads unmapped: too many mismatches |	0.00%
                 % of reads unmapped: too short |	2.87%
                     % of reads unmapped: other |	0.16%
                                  CHIMERIC READS:
                       Number of chimeric reads |	0
                            % of chimeric reads |	0.00%
