                                 Started job on |	Jul 21 03:41:06
                             Started mapping on |	Jul 21 03:41:26
                                    Finished on |	Jul 21 03:58:18
       Mapping speed, Million of reads per hour |	155.44

                          Number of input reads |	43696526
                      Average input read length |	298
                                    UNIQUE READS:
                   Uniquely mapped reads number |	40629083
                        Uniquely mapped reads % |	92.98%
                          Average mapped length |	295.68
                       Number of splices: Total |	48927507
            Number of splices: Annotated (sjdb) |	47945304
                       Number of splices: GT/AG |	48422168
                       Number of splices: GC/AG |	345883
                       Number of splices: AT/AC |	27634
               Number of splices: Non-canonical |	131822
                      Mismatch rate per base, % |	0.61%
                         Deletion rate per base |	0.05%
                        Deletion average length |	2.69
                        Insertion rate per base |	0.05%
                       Insertion average length |	2.21
                             MULTI-MAPPING READS:
        Number of reads mapped to multiple loci |	1565921
             % of reads mapped to multiple loci |	3.58%
        Number of reads mapped to too many loci |	45486
             % of reads mapped to too many loci |	0.10%
                                  UNMAPPED READS:
       % of reads unmapped: too many mismatches |	0.00%
                 % of reads unmapped: too short |	3.20%
                     % of reads unmapped: other |	0.13%
                                  CHIMERIC READS:
                       Number of chimeric reads |	0
                            % of chimeric reads |	0.00%
