           Time    Speed        Read     Read   Mapped   Mapped   Mapped   Mapped Unmapped Unmapped Unmapped Unmapped
                    M/hr      number   length   unique   length   MMrate    multi   multi+       MM    short    other
Mar 05 02:13:17      9.6      171141      298    93.1%    295.7     0.6%     3.6%     0.1%     0.0%     3.1%     0.1%
Mar 05 02:14:32     39.9     1540840      298    93.0%    295.8     0.6%     3.6%     0.1%     0.0%     3.1%     0.1%
Mar 05 02:15:45     49.4     2907576      298    93.0%    295.7     0.6%     3.6%     0.1%     0.0%     3.2%     0.1%
Mar 05 02:16:59     53.8     4274323      298    93.0%    295.7     0.6%     3.6%     0.1%     0.0%     3.2%     0.1%
Mar 05 02:18:15     54.4     5470104      298    93.0%    295.8     0.6%     3.6%     0.1%     0.0%     3.1%     0.1%
Mar 05 02:19:25     56.3     6751562      298    93.0%    295.8     0.6%     3.6%     0.1%     0.0%     3.1%     0.1%
Mar 05 02:20:28     57.8     7947616      298    93.0%    295.8     0.6%     3.6%     0.1%     0.0%     3.2%     0.1%
Mar 05 02:21:28     58.8     9058045      298    93.0%    295.8     0.6%     3.6%     0.1%     0.0%     3.2%     0.1%
Mar 05 02:22:28     58.5     9997742      298    93.0%    295.8     0.6%     3.6%     0.1%     0.0%     3.2%     0.1%
Mar 05 02:23:30     59.1    11105190      298    93.0%    295.8     0.6%     3.6%     0.1%     0.0%     3.2%     0.1%
Mar 05 02:24:32     59.5    12212621      298    93.0%    295.8     0.6%     3.6%     0.1%     0.0%     3.2%     0.1%
Mar 05 02:25:37     60.4    13490496      298    93.0%    295.7     0.6%     3.6%     0.1%     0.0%     3.2%     0.1%
Mar 05 02:26:37     60.1    14427531      298    93.0%    295.7     0.6%     3.6%     0.1%     0.0%     3.2%     0.1%
Mar 05 02:27:44     60.1    15534935      298    93.0%    295.7     0.6%     3.6%     0.1%     0.0%     3.2%     0.1%
Mar 05 02:28:50     60.4    16727617      298    93.0%    295.8     0.6%     3.6%     0.1%     0.0%     3.2%     0.1%
Mar 05 02:29:50     60.5    17749844      298    93.0%    295.8     0.6%     3.6%     0.1%     0.0%     3.2%     0.1%
Mar 05 02:30:51     61.0    18942570      298    93.0%    295.8     0.6%     3.6%     0.1%     0.0%     3.2%     0.1%
Mar 05 02:32:04     61.4    20305614      298    93.0%    295.8     0.6%     3.6%     0.1%     0.0%     3.2%     0.1%
Mar 05 02:33:18     61.7    21668607      298    93.0%    295.8     0.6%     3.6%     0.1%     0.0%     3.2%     0.1%
Mar 05 02:34:42     61.2    22946208      298    93.0%    295.7     0.6%     3.6%     0.1%     0.0%     3.2%     0.1%
Mar 05 02:35:59     61.2    24224220      298    93.0%    295.7     0.6%     3.6%     0.1%     0.0%     3.2%     0.1%
Mar 05 02:37:10     61.5    25587170      298    93.0%    295.7     0.6%     3.6%     0.1%     0.0%     3.2%     0.1%
Mar 05 02:38:10     62.1    26864957      298    93.0%    295.7     0.6%     3.6%     0.1%     0.0%     3.2%     0.1%
Mar 05 02:39:10     62.1    27887212      298    93.0%    295.7     0.6%     3.6%     0.1%     0.0%     3.2%     0.1%
Mar 05 02:40:17     61.4    28739121      298    93.0%    295.7     0.6%     3.6%     0.1%     0.0%     3.2%     0.1%
Mar 05 02:41:32     61.4    30016917      298    93.0%    295.7     0.6%     3.6%     0.1%     0.0%     3.2%     0.1%
Mar 05 02:42:46     61.6    31379837      298    93.0%    295.7     0.6%     3.6%     0.1%     0.0%     3.2%     0.1%
Mar 05 02:43:56     61.8    32657581      298    93.0%    295.7     0.6%     3.6%     0.1%     0.0%     3.2%     0.1%
Mar 05 02:44:57     61.9    33765164      298    93.0%    295.7     0.6%     3.6%     0.1%     0.0%     3.2%     0.1%
Mar 05 02:46:04     62.0    34957732      298    93.0%    295.6     0.6%     3.6%     0.1%     0.0%     3.2%     0.1%
Mar 05 02:47:15     61.9    36150116      298    93.0%    295.6     0.6%     3.6%     0.1%     0.0%     3.2%     0.1%
Mar 05 02:48:15     62.0    37257692      298    93.0%    295.7     0.6%     3.6%     0.1%     0.0%     3.2%     0.1%
Mar 05 02:49:16     62.4    38535644      298    93.0%    295.7     0.6%     3.6%     0.1%     0.0%     3.2%     0.1%
Mar 05 02:50:17     62.4    39558031      298    93.0%    295.7     0.6%     3.6%     0.1%     0.0%     3.2%     0.1%
Mar 05 02:51:24     62.0    40494920      298    93.0%    295.7     0.6%     3.6%     0.1%     0.0%     3.2%     0.1%
Mar 05 02:52:37     62.2    41857930      298    93.0%    295.7     0.6%     3.6%     0.1%     0.0%     3.2%     0.1%
Mar 05 02:55:38     60.4    43696526      298    93.0%    295.7     0.6%     3.6%     0.1%     0.0%     3.2%     0.1%
ALL DONE!
